<?xml version="1.0" encoding="UTF-8"?>
<testsuite xmlns:xsi="http://www.w3.org/2001/XMLSchema-instance" xsi:noNamespaceSchemaLocation="https://maven.apache.org/surefire/maven-surefire-plugin/xsd/surefire-test-report.xsd" version="3.0.2" name="com.zhang.test.VersionTest" time="6.489" tests="2" errors="0" skipped="0" failures="0">
  <properties>
[...]
</properties>
  <testcase name="test_version" classname="com.zhang.test.VersionTest" time="1.956">
    <system-out><![CDATA[18:15:12.605 [main] INFO org.springframework.test.context.support.AnnotationConfigContextLoaderUtils -- Could not detect default configuration classes for test class [com.zhang.test.VersionTest]: VersionTest does not declare any static, non-private, non-final, nested classes annotated with @Configuration.
18:15:12.753 [main] INFO org.springframework.boot.test.context.SpringBootTestContextBootstrapper -- Found @SpringBootConfiguration com.zhang.UserApplication for test class com.zhang.test.VersionTest

  .   ____          _            __ _ _
 /\\ / ___'_ __ _ _(_)_ __  __ _ \ \ \ \
( ( )\___ | '_ | '_| | '_ \/ _` | \ \ \ \
 \\/  ___)| |_)| | | | | || (_| |  ) ) ) )
  '  |____| .__|_| |_|_| |_\__, | / / / /
 =========|_|==============|___/=/_/_/_/

 :: Spring Boot ::                (v3.4.0)

2024-11-26T18:15:13.311+08:00  INFO 22356 --- [           main] com.zhang.test.VersionTest               : Starting VersionTest using Java 17.0.12 with PID 22356 (started by 张彦锋 in D:\IDEA_JavaEE_work\user)
2024-11-26T18:15:13.313+08:00  INFO 22356 --- [           main] com.zhang.test.VersionTest               : No active profile set, falling back to 1 default profile: "default"
2024-11-26T18:15:14.541+08:00  INFO 22356 --- [           main] .i.s.PathMatchingResourcePatternResolver : Skipping search for files matching pattern [**/*.class]: directory [D:\IDEA_JavaEE_work\user\target\test-classes\com\zhang\mapper] does not exist
2024-11-26T18:15:15.044+08:00  INFO 22356 --- [           main] c.a.d.s.b.a.DruidDataSourceAutoConfigure : Init DruidDataSource
2024-11-26T18:15:15.326+08:00  INFO 22356 --- [           main] com.alibaba.druid.pool.DruidDataSource   : {dataSource-1} inited
Logging initialized using 'class org.apache.ibatis.logging.stdout.StdOutImpl' adapter.
Initialization Sequence datacenterId:0 workerId:4
 _ _   |_  _ _|_. ___ _ |    _ 
| | |\/|_)(_| | |_\  |_)||_|_\ 
     /               |         
                        3.5.5 
2024-11-26T18:15:16.902+08:00  INFO 22356 --- [           main] com.zhang.test.VersionTest               : Started VersionTest in 3.939 seconds (process running for 5.224)
Creating a new SqlSession
SqlSession [org.apache.ibatis.session.defaults.DefaultSqlSession@430aae8e] was not registered for synchronization because synchronization is not active
JDBC Connection [com.mysql.cj.jdbc.ConnectionImpl@75ee6f89] will not be managed by Spring
==>  Preparing: SELECT uid,user_name,user_age,user_phone,user_email,version,is_deleted FROM t_user WHERE uid=? AND is_deleted=0
==> Parameters: 6(Integer)
<==    Columns: uid, user_name, user_age, user_phone, user_email, version, is_deleted
<==        Row: 6, 典韦, 30, 14241112222, 14241112222@qq.com, 8, 0
<==      Total: 1
Closing non transactional SqlSession [org.apache.ibatis.session.defaults.DefaultSqlSession@430aae8e]
Creating a new SqlSession
SqlSession [org.apache.ibatis.session.defaults.DefaultSqlSession@2374452a] was not registered for synchronization because synchronization is not active
JDBC Connection [com.mysql.cj.jdbc.ConnectionImpl@75ee6f89] will not be managed by Spring
==>  Preparing: SELECT uid,user_name,user_age,user_phone,user_email,version,is_deleted FROM t_user WHERE uid=? AND is_deleted=0
==> Parameters: 6(Integer)
<==    Columns: uid, user_name, user_age, user_phone, user_email, version, is_deleted
<==        Row: 6, 典韦, 30, 14241112222, 14241112222@qq.com, 8, 0
<==      Total: 1
Closing non transactional SqlSession [org.apache.ibatis.session.defaults.DefaultSqlSession@2374452a]
Creating a new SqlSession
SqlSession [org.apache.ibatis.session.defaults.DefaultSqlSession@49fe0bcd] was not registered for synchronization because synchronization is not active
JDBC Connection [com.mysql.cj.jdbc.ConnectionImpl@75ee6f89] will not be managed by Spring
==>  Preparing: UPDATE t_user SET user_name=?, user_age=?, user_phone=?, user_email=?, version=? WHERE uid=? AND version=? AND is_deleted=0
==> Parameters: 典韦(String), 30(Integer), 14241112222(String), 14241112222@qq.com(String), 9(Integer), 6(Integer), 8(Integer)
<==    Updates: 1
Closing non transactional SqlSession [org.apache.ibatis.session.defaults.DefaultSqlSession@49fe0bcd]
Creating a new SqlSession
SqlSession [org.apache.ibatis.session.defaults.DefaultSqlSession@75add13c] was not registered for synchronization because synchronization is not active
JDBC Connection [com.mysql.cj.jdbc.ConnectionImpl@75ee6f89] will not be managed by Spring
==>  Preparing: UPDATE t_user SET user_name=?, user_age=?, user_phone=?, user_email=?, version=? WHERE uid=? AND version=? AND is_deleted=0
==> Parameters: 典韦(String), 40(Integer), 14241112222(String), 14241112222@qq.com(String), 9(Integer), 6(Integer), 8(Integer)
<==    Updates: 0
Closing non transactional SqlSession [org.apache.ibatis.session.defaults.DefaultSqlSession@75add13c]
]]></system-out>
  </testcase>
  <testcase name="test" classname="com.zhang.test.VersionTest" time="0.006">
    <system-out><![CDATA[hello
23
]]></system-out>
  </testcase>
</testsuite>